  .   ____          _            __ _ _
 /\\ / ___'_ __ _ _(_)_ __  __ _ \ \ \ \
( ( )\___ | '_ | '_| | '_ \/ _` | \ \ \ \
 \\/  ___)| |_)| | | | | || (_| |  ) ) ) )
  '  |____| .__|_| |_|_| |_\__, | / / / /
 =========|_|==============|___/=/_/_/_/

 :: Spring Boot ::                (v3.3.0)

2025-12-02T21:01:28.334+05:30  INFO 1484 --- [           main] c.e.i.IssueTrackerApplication            : Starting IssueTrackerApplication v0.0.1-SNAPSHOT using Java 21.0.8 with PID 1484 (C:\Users\anand\Downloads\issuetracker_lite\server\target\issuetracker-server-0.0.1-SNAPSHOT.jar started by M.SV.ANAND in C:\Users\anand\Downloads\issuetracker_lite\server)
2025-12-02T21:01:28.344+05:30  INFO 1484 --- [           main] c.e.i.IssueTrackerApplication            : No active profile set, falling back to 1 default profile: "default"
2025-12-02T21:01:30.159+05:30  INFO 1484 --- [           main] .s.d.r.c.RepositoryConfigurationDelegate : Bootstrapping Spring Data JPA repositories in DEFAULT mode.
2025-12-02T21:01:30.265+05:30  INFO 1484 --- [           main] .s.d.r.c.RepositoryConfigurationDelegate : Finished Spring Data repository scanning in 72 ms. Found 2 JPA repository interfaces.
2025-12-02T21:01:31.128+05:30  INFO 1484 --- [           main] o.s.b.w.embedded.tomcat.TomcatWebServer  : Tomcat initialized with port 8080 (http)
2025-12-02T21:01:31.152+05:30  INFO 1484 --- [           main] o.apache.catalina.core.StandardService   : Starting service [Tomcat]
2025-12-02T21:01:31.152+05:30  INFO 1484 --- [           main] o.apache.catalina.core.StandardEngine    : Starting Servlet engine: [Apache Tomcat/10.1.24]
2025-12-02T21:01:31.216+05:30  INFO 1484 --- [           main] o.a.c.c.C.[Tomcat].[localhost].[/]       : Initializing Spring embedded WebApplicationContext
2025-12-02T21:01:31.219+05:30  INFO 1484 --- [           main] w.s.c.ServletWebServerApplicationContext : Root WebApplicationContext: initialization completed in 2747 ms
2025-12-02T21:01:31.282+05:30  INFO 1484 --- [           main] com.zaxxer.hikari.HikariDataSource       : HikariPool-1 - Starting...
2025-12-02T21:01:31.692+05:30  INFO 1484 --- [           main] com.zaxxer.hikari.pool.HikariPool        : HikariPool-1 - Added connection conn0: url=jdbc:h2:mem:issuetracker user=SA
2025-12-02T21:01:31.702+05:30  INFO 1484 --- [           main] com.zaxxer.hikari.HikariDataSource       : HikariPool-1 - Start completed.
2025-12-02T21:01:31.718+05:30  INFO 1484 --- [           main] o.s.b.a.h2.H2ConsoleAutoConfiguration    : H2 console available at '/h2-console'. Database available at 'jdbc:h2:mem:issuetracker'
2025-12-02T21:01:32.037+05:30  INFO 1484 --- [           main] o.hibernate.jpa.internal.util.LogHelper  : HHH000204: Processing PersistenceUnitInfo [name: default]
2025-12-02T21:01:32.150+05:30  INFO 1484 --- [           main] org.hibernate.Version                    : HHH000412: Hibernate ORM core version 6.5.2.Final
2025-12-02T21:01:32.223+05:30  INFO 1484 --- [           main] o.h.c.internal.RegionFactoryInitiator    : HHH000026: Second-level cache disabled
2025-12-02T21:01:32.839+05:30  INFO 1484 --- [           main] o.s.o.j.p.SpringPersistenceUnitInfo      : No LoadTimeWeaver setup: ignoring JPA class transformer
2025-12-02T21:01:32.963+05:30  WARN 1484 --- [           main] org.hibernate.orm.deprecation            : HHH90000025: H2Dialect does not need to be specified explicitly using 'hibernate.dialect' (remove the property setting and it will be selected by default)
2025-12-02T21:01:34.435+05:30  INFO 1484 --- [           main] o.h.e.t.j.p.i.JtaPlatformInitiator       : HHH000489: No JTA platform available (set 'hibernate.transaction.jta.platform' to enable JTA platform integration)
2025-12-02T21:01:34.476+05:30  INFO 1484 --- [           main] j.LocalContainerEntityManagerFactoryBean : Initialized JPA EntityManagerFactory for persistence unit 'default'
2025-12-02T21:01:34.998+05:30  INFO 1484 --- [           main] o.s.d.j.r.query.QueryEnhancerFactory     : Hibernate is in classpath; If applicable, HQL parser will be used.
2025-12-02T21:01:36.072+05:30  WARN 1484 --- [           main] JpaBaseConfiguration$JpaWebConfiguration : spring.jpa.open-in-view is enabled by default. Therefore, database queries may be performed during view rendering. Explicitly configure spring.jpa.open-in-view to disable this warning
2025-12-02T21:01:36.109+05:30  INFO 1484 --- [           main] o.s.b.a.w.s.WelcomePageHandlerMapping    : Adding welcome page: class path resource [static/index.html]
2025-12-02T21:01:36.940+05:30  INFO 1484 --- [           main] o.s.b.w.embedded.tomcat.TomcatWebServer  : Tomcat started on port 8080 (http) with context path '/'
2025-12-02T21:01:36.981+05:30  INFO 1484 --- [           main] c.e.i.IssueTrackerApplication            : Started IssueTrackerApplication in 9.399 seconds (process running for 10.136)
2025-12-02T21:01:47.249+05:30  INFO 1484 --- [nio-8080-exec-2] o.a.c.c.C.[Tomcat].[localhost].[/]       : Initializing Spring DispatcherServlet 'dispatcherServlet'
2025-12-02T21:01:47.255+05:30  INFO 1484 --- [nio-8080-exec-2] o.s.web.servlet.DispatcherServlet        : Initializing Servlet 'dispatcherServlet'
2025-12-02T21:01:47.256+05:30  INFO 1484 --- [nio-8080-exec-2] o.s.web.servlet.DispatcherServlet        : Completed initialization in 1 ms
2025-12-02T21:25:44.653+05:30  WARN 1484 --- [l-1 housekeeper] com.zaxxer.hikari.pool.HikariPool        : HikariPool-1 - Thread starvation or clock leap detected (housekeeper delta=12m42s641ms167µs99ns).
2025-12-02T22:03:20.390+05:30  WARN 1484 --- [l-1 housekeeper] com.zaxxer.hikari.pool.HikariPool        : HikariPool-1 - Thread starvation or clock leap detected (housekeeper delta=19m35s412ms454µs900ns).
2025-12-03T09:18:14.684+05:30  WARN 1484 --- [l-1 housekeeper] com.zaxxer.hikari.pool.HikariPool        : HikariPool-1 - Thread starvation or clock leap detected (housekeeper delta=10h8m863ms645µs600ns).
2025-12-03T09:41:49.991+05:30  WARN 1484 --- [l-1 housekeeper] com.zaxxer.hikari.pool.HikariPool        : HikariPool-1 - Thread starvation or clock leap detected (housekeeper delta=13m28s730ms18µs400ns).
2025-12-03T09:51:13.646+05:30  WARN 1484 --- [l-1 housekeeper] com.zaxxer.hikari.pool.HikariPool        : HikariPool-1 - Thread starvation or clock leap detected (housekeeper delta=6m23s591ms885µs400ns).
2025-12-03T10:35:43.327+05:30  WARN 1484 --- [l-1 housekeeper] com.zaxxer.hikari.pool.HikariPool        : HikariPool-1 - Thread starvation or clock leap detected (housekeeper delta=4m28s939ms738µs900ns).
2025-12-03T11:51:49.952+05:30  WARN 1484 --- [l-1 housekeeper] com.zaxxer.hikari.pool.HikariPool        : HikariPool-1 - Thread starvation or clock leap detected (housekeeper delta=5m5s510ms330µs500ns).
2025-12-03T13:07:48.639+05:30  WARN 1484 --- [l-1 housekeeper] com.zaxxer.hikari.pool.HikariPool        : HikariPool-1 - Thread starvation or clock leap detected (housekeeper delta=4m27s594ms155µs400ns).
2025-12-03T15:49:17.421+05:30  WARN 1484 --- [l-1 housekeeper] com.zaxxer.hikari.pool.HikariPool        : HikariPool-1 - Thread starvation or clock leap detected (housekeeper delta=2m26s29ms384µs).
2025-12-03T16:01:11.030+05:30  WARN 1484 --- [l-1 housekeeper] com.zaxxer.hikari.pool.HikariPool        : HikariPool-1 - Thread starvation or clock leap detected (housekeeper delta=5m23s486ms858µs100ns).
2025-12-03T17:13:47.295+05:30  WARN 1484 --- [l-1 housekeeper] com.zaxxer.hikari.pool.HikariPool        : HikariPool-1 - Thread starvation or clock leap detected (housekeeper delta=13m5s368ms691µs300ns).
2025-12-03T17:40:16.481+05:30  WARN 1484 --- [l-1 housekeeper] com.zaxxer.hikari.pool.HikariPool        : HikariPool-1 - Thread starvation or clock leap detected (housekeeper delta=23m29s152ms872µs300ns).
2025-12-03T17:47:40.968+05:30  WARN 1484 --- [l-1 housekeeper] com.zaxxer.hikari.pool.HikariPool        : HikariPool-1 - Thread starvation or clock leap detected (housekeeper delta=1m54s401ms795µs800ns).
2025-12-03T18:24:50.680+05:30  WARN 1484 --- [l-1 housekeeper] com.zaxxer.hikari.pool.HikariPool        : HikariPool-1 - Thread starvation or clock leap detected (housekeeper delta=34m39s668ms766µs100ns).
2025-12-03T18:50:20.997+05:30  WARN 1484 --- [l-1 housekeeper] com.zaxxer.hikari.pool.HikariPool        : HikariPool-1 - Thread starvation or clock leap detected (housekeeper delta=6m43ms190µs).
2025-12-03T19:00:17.126+05:30  WARN 1484 --- [l-1 housekeeper] com.zaxxer.hikari.pool.HikariPool        : HikariPool-1 - Thread starvation or clock leap detected (housekeeper delta=2m56s36ms73µs400ns).
2025-12-03T20:22:30.362+05:30  WARN 1484 --- [l-1 housekeeper] com.zaxxer.hikari.pool.HikariPool        : HikariPool-1 - Thread starvation or clock leap detected (housekeeper delta=14m42s104ms43µs500ns).
2025-12-03T21:24:24.087+05:30  WARN 1484 --- [l-1 housekeeper] com.zaxxer.hikari.pool.HikariPool        : HikariPool-1 - Thread starvation or clock leap detected (housekeeper delta=7m52s928ms570µs700ns).
2025-12-04T03:56:00.894+05:30  WARN 1484 --- [l-1 housekeeper] com.zaxxer.hikari.pool.HikariPool        : HikariPool-1 - Thread starvation or clock leap detected (housekeeper delta=5h27m5s823ms746µs300ns).
2025-12-04T09:28:08.793+05:30  WARN 1484 --- [l-1 housekeeper] com.zaxxer.hikari.pool.HikariPool        : HikariPool-1 - Thread starvation or clock leap detected (housekeeper delta=5h32m12s983ms82µs100ns).
2025-12-04T11:30:31.131+05:30  WARN 1484 --- [l-1 housekeeper] com.zaxxer.hikari.pool.HikariPool        : HikariPool-1 - Thread starvation or clock leap detected (housekeeper delta=17m50s734ms969µs800ns).
2025-12-04T12:40:11.679+05:30  WARN 1484 --- [l-1 housekeeper] com.zaxxer.hikari.pool.HikariPool        : HikariPool-1 - Thread starvation or clock leap detected (housekeeper delta=7m39s616ms972µs800ns).
2025-12-04T18:49:28.596+05:30  WARN 1484 --- [l-1 housekeeper] com.zaxxer.hikari.pool.HikariPool        : HikariPool-1 - Thread starvation or clock leap detected (housekeeper delta=6h9m22s230ms772µs600ns).
2025-12-04T21:10:41.507+05:30  WARN 1484 --- [l-1 housekeeper] com.zaxxer.hikari.pool.HikariPool        : HikariPool-1 - Thread starvation or clock leap detected (housekeeper delta=1h7m11s758ms149µs500ns).
